Copyright 1986-2020 Xilinx, Inc. All Rights Reserved.
-----------------------------------------------------------------------------------------
| Tool Version : Vivado v.2020.2 (win64) Build 3064766 Wed Nov 18 09:12:45 MST 2020
| Date         : Thu Nov 11 10:11:23 2021
| Host         : c5b5 running 64-bit major release  (build 9200)
| Command      : report_control_sets -verbose -file lab3_wrapper_control_sets_placed.rpt
| Design       : lab3_wrapper
| Device       : xc7z020
-----------------------------------------------------------------------------------------

Control Set Information

Table of Contents
-----------------
1. Summary
2. Histogram
3. Flip-Flop Distribution
4. Detailed Control Set Information

1. Summary
----------

+----------------------------------------------------------+-------+
|                          Status                          | Count |
+----------------------------------------------------------+-------+
| Total control sets                                       |    59 |
|    Minimum number of control sets                        |    59 |
|    Addition due to synthesis replication                 |     0 |
|    Addition due to physical synthesis replication        |     0 |
| Unused register locations in slices containing registers |   110 |
+----------------------------------------------------------+-------+
* Control sets can be merged at opt_design using control_set_merge or merge_equivalent_drivers
** Run report_qor_suggestions for automated merging and remapping suggestions


2. Histogram
------------

+--------------------+-------+
|       Fanout       | Count |
+--------------------+-------+
| Total control sets |    59 |
| >= 0 to < 4        |     2 |
| >= 4 to < 6        |    10 |
| >= 6 to < 8        |     1 |
| >= 8 to < 10       |    18 |
| >= 10 to < 12      |     4 |
| >= 12 to < 14      |     6 |
| >= 14 to < 16      |     2 |
| >= 16              |    16 |
+--------------------+-------+
* Control sets can be remapped at either synth_design or opt_design


3. Flip-Flop Distribution
-------------------------

+--------------+-----------------------+------------------------+-----------------+--------------+
| Clock Enable | Synchronous Set/Reset | Asynchronous Set/Reset | Total Registers | Total Slices |
+--------------+-----------------------+------------------------+-----------------+--------------+
| No           | No                    | No                     |             166 |           54 |
| No           | No                    | Yes                    |               0 |            0 |
| No           | Yes                   | No                     |             110 |           35 |
| Yes          | No                    | No                     |             442 |           96 |
| Yes          | No                    | Yes                    |               0 |            0 |
| Yes          | Yes                   | No                     |             252 |           69 |
+--------------+-----------------------+------------------------+-----------------+--------------+


4. Detailed Control Set Information
-----------------------------------

+---------------------------------------------+------------------------------------------------------------------------------------------------------------------------------------------------------------+---------------------------------------------------------------------------------------------------------------------------------------------------+------------------+----------------+--------------+
|                 Clock Signal                |                                                                        Enable Signal                                                                       |                                                                  Set/Reset Signal                                                                 | Slice Load Count | Bel Load Count | Bels / Slice |
+---------------------------------------------+------------------------------------------------------------------------------------------------------------------------------------------------------------+---------------------------------------------------------------------------------------------------------------------------------------------------+------------------+----------------+--------------+
|  lab3_i/processing_system7_0/inst/FCLK_CLK0 | lab3_i/ps7_0_axi_periph/s00_couplers/auto_pc/inst/gen_axilite.gen_b2s_conv.axilite_b2s/WR.aw_channel_0/aw_cmd_fsm_0/FSM_sequential_state_reg[0]_1          | lab3_i/ps7_0_axi_periph/s00_couplers/auto_pc/inst/gen_axilite.gen_b2s_conv.axilite_b2s/WR.aw_channel_0/aw_cmd_fsm_0/FSM_sequential_state_reg[0]_0 |                1 |              1 |         1.00 |
|  lab3_i/processing_system7_0/inst/FCLK_CLK0 | lab3_i/ps7_0_axi_periph/s00_couplers/auto_pc/inst/gen_axilite.gen_b2s_conv.axilite_b2s/WR.b_channel_0/bid_fifo_0/sel                                       |                                                                                                                                                   |                1 |              2 |         2.00 |
|  lab3_i/processing_system7_0/inst/FCLK_CLK0 |                                                                                                                                                            | lab3_i/VGA_Controller_0/U0/VGA_Controller_v1_0_S00_AXI_inst/VGA_Controller_instance/green[3]_i_1_n_0                                              |                1 |              4 |         4.00 |
|  lab3_i/processing_system7_0/inst/FCLK_CLK0 |                                                                                                                                                            | lab3_i/VGA_Controller_0/U0/VGA_Controller_v1_0_S00_AXI_inst/VGA_Controller_instance/red[3]_i_1_n_0                                                |                1 |              4 |         4.00 |
|  lab3_i/processing_system7_0/inst/FCLK_CLK0 |                                                                                                                                                            | lab3_i/VGA_Controller_0/U0/VGA_Controller_v1_0_S00_AXI_inst/VGA_Controller_instance/blue[3]_i_1_n_0                                               |                1 |              4 |         4.00 |
|  lab3_i/processing_system7_0/inst/FCLK_CLK0 | lab3_i/ps7_0_axi_periph/s00_couplers/auto_pc/inst/gen_axilite.gen_b2s_conv.axilite_b2s/RD.ar_channel_0/ar_cmd_fsm_0/m_axi_arready_2                        | lab3_i/ps7_0_axi_periph/s00_couplers/auto_pc/inst/gen_axilite.gen_b2s_conv.axilite_b2s/RD.ar_channel_0/ar_cmd_fsm_0/FSM_sequential_state_reg[1]_0 |                2 |              4 |         2.00 |
|  lab3_i/processing_system7_0/inst/FCLK_CLK0 |                                                                                                                                                            | lab3_i/rst_ps7_0_111M/U0/EXT_LPF/lpf_int                                                                                                          |                2 |              4 |         2.00 |
|  lab3_i/processing_system7_0/inst/FCLK_CLK0 |                                                                                                                                                            | lab3_i/axi_gpio_0/U0/AXI_LITE_IPIF_I/I_SLAVE_ATTACHMENT/clear                                                                                     |                1 |              4 |         4.00 |
|  lab3_i/processing_system7_0/inst/FCLK_CLK0 |                                                                                                                                                            | lab3_i/ps7_0_axi_periph/s00_couplers/auto_pc/inst/gen_axilite.gen_b2s_conv.axilite_b2s/SI_REG/ar.ar_pipe/aresetn_d_reg[1]_inv_0                   |                1 |              4 |         4.00 |
|  lab3_i/processing_system7_0/inst/FCLK_CLK0 |                                                                                                                                                            | lab3_i/ps7_0_axi_periph/s00_couplers/auto_pc/inst/gen_axilite.gen_b2s_conv.axilite_b2s/SI_REG/aw.aw_pipe/aresetn_d_reg[0]_0                       |                1 |              4 |         4.00 |
|  lab3_i/processing_system7_0/inst/FCLK_CLK0 | lab3_i/ps7_0_axi_periph/s00_couplers/auto_pc/inst/gen_axilite.gen_b2s_conv.axilite_b2s/RD.r_channel_0/rd_data_fifo_0/cnt_read[4]_i_1__0_n_0                | lab3_i/ps7_0_axi_periph/s00_couplers/auto_pc/inst/gen_axilite.gen_b2s_conv.axilite_b2s/areset_d1                                                  |                2 |              5 |         2.50 |
|  lab3_i/processing_system7_0/inst/FCLK_CLK0 | lab3_i/ps7_0_axi_periph/s00_couplers/auto_pc/inst/gen_axilite.gen_b2s_conv.axilite_b2s/RD.r_channel_0/transaction_fifo_0/cnt_read[4]_i_1_n_0               | lab3_i/ps7_0_axi_periph/s00_couplers/auto_pc/inst/gen_axilite.gen_b2s_conv.axilite_b2s/areset_d1                                                  |                1 |              5 |         5.00 |
|  lab3_i/processing_system7_0/inst/FCLK_CLK0 | lab3_i/rst_ps7_0_111M/U0/SEQ/seq_cnt_en                                                                                                                    | lab3_i/rst_ps7_0_111M/U0/SEQ/SEQ_COUNTER/clear                                                                                                    |                1 |              6 |         6.00 |
|  lab3_i/processing_system7_0/inst/FCLK_CLK0 | lab3_i/VGA_Controller_0/U0/VGA_Controller_v1_0_S00_AXI_inst/slv_reg0[31]_i_1_n_0                                                                           | lab3_i/VGA_Controller_0/U0/VGA_Controller_v1_0_S00_AXI_inst/VGA_Controller_instance/SR[0]                                                         |                1 |              8 |         8.00 |
|  lab3_i/processing_system7_0/inst/FCLK_CLK0 | lab3_i/axi_gpio_0/U0/AXI_LITE_IPIF_I/I_SLAVE_ATTACHMENT/bus2ip_addr_i[8]_i_1_n_0                                                                           | lab3_i/axi_gpio_0/U0/AXI_LITE_IPIF_I/I_SLAVE_ATTACHMENT/SS[0]                                                                                     |                3 |              8 |         2.67 |
|  lab3_i/processing_system7_0/inst/FCLK_CLK0 | lab3_i/VGA_Controller_0/U0/VGA_Controller_v1_0_S00_AXI_inst/slv_reg3[31]_i_1_n_0                                                                           | lab3_i/VGA_Controller_0/U0/VGA_Controller_v1_0_S00_AXI_inst/VGA_Controller_instance/SR[0]                                                         |                1 |              8 |         8.00 |
|  lab3_i/processing_system7_0/inst/FCLK_CLK0 | lab3_i/VGA_Controller_0/U0/VGA_Controller_v1_0_S00_AXI_inst/slv_reg1[23]_i_1_n_0                                                                           | lab3_i/VGA_Controller_0/U0/VGA_Controller_v1_0_S00_AXI_inst/VGA_Controller_instance/SR[0]                                                         |                4 |              8 |         2.00 |
|  lab3_i/processing_system7_0/inst/FCLK_CLK0 | lab3_i/VGA_Controller_0/U0/VGA_Controller_v1_0_S00_AXI_inst/slv_reg1[7]_i_1_n_0                                                                            | lab3_i/VGA_Controller_0/U0/VGA_Controller_v1_0_S00_AXI_inst/VGA_Controller_instance/SR[0]                                                         |                1 |              8 |         8.00 |
|  lab3_i/processing_system7_0/inst/FCLK_CLK0 | lab3_i/VGA_Controller_0/U0/VGA_Controller_v1_0_S00_AXI_inst/slv_reg2[23]_i_1_n_0                                                                           | lab3_i/VGA_Controller_0/U0/VGA_Controller_v1_0_S00_AXI_inst/VGA_Controller_instance/SR[0]                                                         |                1 |              8 |         8.00 |
|  lab3_i/processing_system7_0/inst/FCLK_CLK0 | lab3_i/VGA_Controller_0/U0/VGA_Controller_v1_0_S00_AXI_inst/slv_reg3[23]_i_1_n_0                                                                           | lab3_i/VGA_Controller_0/U0/VGA_Controller_v1_0_S00_AXI_inst/VGA_Controller_instance/SR[0]                                                         |                3 |              8 |         2.67 |
|  lab3_i/processing_system7_0/inst/FCLK_CLK0 | lab3_i/VGA_Controller_0/U0/VGA_Controller_v1_0_S00_AXI_inst/slv_reg3[7]_i_1_n_0                                                                            | lab3_i/VGA_Controller_0/U0/VGA_Controller_v1_0_S00_AXI_inst/VGA_Controller_instance/SR[0]                                                         |                1 |              8 |         8.00 |
|  lab3_i/processing_system7_0/inst/FCLK_CLK0 | lab3_i/VGA_Controller_0/U0/VGA_Controller_v1_0_S00_AXI_inst/slv_reg1[31]_i_1_n_0                                                                           | lab3_i/VGA_Controller_0/U0/VGA_Controller_v1_0_S00_AXI_inst/VGA_Controller_instance/SR[0]                                                         |                2 |              8 |         4.00 |
|  lab3_i/processing_system7_0/inst/FCLK_CLK0 | lab3_i/VGA_Controller_0/U0/VGA_Controller_v1_0_S00_AXI_inst/slv_reg2[15]_i_1_n_0                                                                           | lab3_i/VGA_Controller_0/U0/VGA_Controller_v1_0_S00_AXI_inst/VGA_Controller_instance/SR[0]                                                         |                1 |              8 |         8.00 |
|  lab3_i/processing_system7_0/inst/FCLK_CLK0 | lab3_i/VGA_Controller_0/U0/VGA_Controller_v1_0_S00_AXI_inst/slv_reg0[23]_i_1_n_0                                                                           | lab3_i/VGA_Controller_0/U0/VGA_Controller_v1_0_S00_AXI_inst/VGA_Controller_instance/SR[0]                                                         |                2 |              8 |         4.00 |
|  lab3_i/processing_system7_0/inst/FCLK_CLK0 | lab3_i/VGA_Controller_0/U0/VGA_Controller_v1_0_S00_AXI_inst/slv_reg2[7]_i_1_n_0                                                                            | lab3_i/VGA_Controller_0/U0/VGA_Controller_v1_0_S00_AXI_inst/VGA_Controller_instance/SR[0]                                                         |                3 |              8 |         2.67 |
|  lab3_i/processing_system7_0/inst/FCLK_CLK0 | lab3_i/VGA_Controller_0/U0/VGA_Controller_v1_0_S00_AXI_inst/slv_reg3[15]_i_1_n_0                                                                           | lab3_i/VGA_Controller_0/U0/VGA_Controller_v1_0_S00_AXI_inst/VGA_Controller_instance/SR[0]                                                         |                1 |              8 |         8.00 |
|  lab3_i/processing_system7_0/inst/FCLK_CLK0 | lab3_i/VGA_Controller_0/U0/VGA_Controller_v1_0_S00_AXI_inst/slv_reg0[15]_i_1_n_0                                                                           | lab3_i/VGA_Controller_0/U0/VGA_Controller_v1_0_S00_AXI_inst/VGA_Controller_instance/SR[0]                                                         |                1 |              8 |         8.00 |
|  lab3_i/processing_system7_0/inst/FCLK_CLK0 | lab3_i/VGA_Controller_0/U0/VGA_Controller_v1_0_S00_AXI_inst/slv_reg0[7]_i_1_n_0                                                                            | lab3_i/VGA_Controller_0/U0/VGA_Controller_v1_0_S00_AXI_inst/VGA_Controller_instance/SR[0]                                                         |                1 |              8 |         8.00 |
|  lab3_i/processing_system7_0/inst/FCLK_CLK0 | lab3_i/VGA_Controller_0/U0/VGA_Controller_v1_0_S00_AXI_inst/slv_reg1[15]_i_1_n_0                                                                           | lab3_i/VGA_Controller_0/U0/VGA_Controller_v1_0_S00_AXI_inst/VGA_Controller_instance/SR[0]                                                         |                1 |              8 |         8.00 |
|  lab3_i/processing_system7_0/inst/FCLK_CLK0 | lab3_i/VGA_Controller_0/U0/VGA_Controller_v1_0_S00_AXI_inst/slv_reg2[31]_i_1_n_0                                                                           | lab3_i/VGA_Controller_0/U0/VGA_Controller_v1_0_S00_AXI_inst/VGA_Controller_instance/SR[0]                                                         |                2 |              8 |         4.00 |
|  lab3_i/processing_system7_0/inst/FCLK_CLK0 | lab3_i/ps7_0_axi_periph/s00_couplers/auto_pc/inst/gen_axilite.gen_b2s_conv.axilite_b2s/WR.b_channel_0/mhandshake_r                                         | lab3_i/ps7_0_axi_periph/s00_couplers/auto_pc/inst/gen_axilite.gen_b2s_conv.axilite_b2s/WR.b_channel_0/bid_fifo_0/SR[0]                            |                3 |              8 |         2.67 |
|  lab3_i/processing_system7_0/inst/FCLK_CLK0 |                                                                                                                                                            | lab3_i/ps7_0_axi_periph/s00_couplers/auto_pc/inst/gen_axilite.gen_b2s_conv.axilite_b2s/areset_d1                                                  |                3 |             10 |         3.33 |
|  lab3_i/processing_system7_0/inst/FCLK_CLK0 |                                                                                                                                                            | lab3_i/VGA_Controller_0/U0/VGA_Controller_v1_0_S00_AXI_inst/VGA_Controller_instance/pixel_count[10]_i_1_n_0                                       |                4 |             11 |         2.75 |
|  lab3_i/processing_system7_0/inst/FCLK_CLK0 | lab3_i/VGA_Controller_0/U0/VGA_Controller_v1_0_S00_AXI_inst/VGA_Controller_instance/line_count[10]_i_2_n_0                                                 | lab3_i/VGA_Controller_0/U0/VGA_Controller_v1_0_S00_AXI_inst/VGA_Controller_instance/line_count[10]_i_1_n_0                                        |                4 |             11 |         2.75 |
|  lab3_i/processing_system7_0/inst/FCLK_CLK0 |                                                                                                                                                            | lab3_i/ps7_0_axi_periph/xbar/inst/gen_sasd.crossbar_sasd_0/addr_arbiter_inst/SR[0]                                                                |                5 |             11 |         2.20 |
|  lab3_i/processing_system7_0/inst/FCLK_CLK0 | lab3_i/ps7_0_axi_periph/s00_couplers/auto_pc/inst/gen_axilite.gen_b2s_conv.axilite_b2s/WR.aw_channel_0/aw_cmd_fsm_0/m_valid_i_reg[0]                       |                                                                                                                                                   |                4 |             12 |         3.00 |
|  lab3_i/processing_system7_0/inst/FCLK_CLK0 | lab3_i/ps7_0_axi_periph/s00_couplers/auto_pc/inst/gen_axilite.gen_b2s_conv.axilite_b2s/WR.aw_channel_0/cmd_translator_0/incr_cmd_0/axaddr_incr[11]_i_1_n_0 |                                                                                                                                                   |                2 |             12 |         6.00 |
|  lab3_i/processing_system7_0/inst/FCLK_CLK0 |                                                                                                                                                            | lab3_i/VGA_Controller_0/U0/VGA_Controller_v1_0_S00_AXI_inst/VGA_Controller_instance/SR[0]                                                         |                5 |             12 |         2.40 |
|  lab3_i/processing_system7_0/inst/FCLK_CLK0 | lab3_i/ps7_0_axi_periph/s00_couplers/auto_pc/inst/gen_axilite.gen_b2s_conv.axilite_b2s/RD.ar_channel_0/ar_cmd_fsm_0/E[0]                                   |                                                                                                                                                   |                6 |             12 |         2.00 |
|  lab3_i/processing_system7_0/inst/FCLK_CLK0 | lab3_i/ps7_0_axi_periph/s00_couplers/auto_pc/inst/gen_axilite.gen_b2s_conv.axilite_b2s/RD.ar_channel_0/ar_cmd_fsm_0/sel_first_reg[0]                       |                                                                                                                                                   |                3 |             12 |         4.00 |
|  lab3_i/processing_system7_0/inst/FCLK_CLK0 | lab3_i/ps7_0_axi_periph/s00_couplers/auto_pc/inst/gen_axilite.gen_b2s_conv.axilite_b2s/RD.r_channel_0/r_push_r                                             |                                                                                                                                                   |                4 |             13 |         3.25 |
|  lab3_i/processing_system7_0/inst/FCLK_CLK0 | lab3_i/ps7_0_axi_periph/s00_couplers/auto_pc/inst/gen_axilite.gen_b2s_conv.axilite_b2s/SI_REG/b.b_pipe/p_1_in                                              |                                                                                                                                                   |                2 |             14 |         7.00 |
|  lab3_i/processing_system7_0/inst/FCLK_CLK0 | lab3_i/ps7_0_axi_periph/s00_couplers/auto_pc/inst/gen_axilite.gen_b2s_conv.axilite_b2s/SI_REG/b.b_pipe/s_ready_i_reg_0                                     |                                                                                                                                                   |                2 |             14 |         7.00 |
|  lab3_i/processing_system7_0/inst/FCLK_CLK0 | lab3_i/ps7_0_axi_periph/s00_couplers/auto_pc/inst/gen_axilite.gen_b2s_conv.axilite_b2s/WR.aw_channel_0/aw_cmd_fsm_0/m_axi_awready_0                        |                                                                                                                                                   |                3 |             16 |         5.33 |
|  lab3_i/processing_system7_0/inst/FCLK_CLK0 | lab3_i/axi_gpio_0/U0/AXI_LITE_IPIF_I/I_SLAVE_ATTACHMENT/start2                                                                                             | lab3_i/axi_gpio_0/U0/AXI_LITE_IPIF_I/I_SLAVE_ATTACHMENT/I_DECODER/cs_ce_clr                                                                       |                4 |             21 |         5.25 |
|  lab3_i/processing_system7_0/inst/FCLK_CLK0 | lab3_i/ps7_0_axi_periph/s00_couplers/auto_pc/inst/gen_axilite.gen_b2s_conv.axilite_b2s/RD.ar_channel_0/ar_cmd_fsm_0/m_axi_arready_2                        |                                                                                                                                                   |                8 |             21 |         2.63 |
|  lab3_i/processing_system7_0/inst/FCLK_CLK0 | lab3_i/ps7_0_axi_periph/xbar/inst/gen_sasd.crossbar_sasd_0/addr_arbiter_inst/p_0_in1_in                                                                    | lab3_i/ps7_0_axi_periph/xbar/inst/gen_sasd.crossbar_sasd_0/addr_arbiter_inst/SR[0]                                                                |               10 |             23 |         2.30 |
|  lab3_i/processing_system7_0/inst/FCLK_CLK0 | lab3_i/ps7_0_axi_periph/s00_couplers/auto_pc/inst/gen_axilite.gen_b2s_conv.axilite_b2s/WR.aw_channel_0/aw_cmd_fsm_0/FSM_sequential_state_reg[0]_1          |                                                                                                                                                   |               10 |             24 |         2.40 |
|  lab3_i/processing_system7_0/inst/FCLK_CLK0 | lab3_i/VGA_Controller_0/U0/VGA_Controller_v1_0_S00_AXI_inst/slv_reg_rden                                                                                   | lab3_i/VGA_Controller_0/U0/VGA_Controller_v1_0_S00_AXI_inst/VGA_Controller_instance/SR[0]                                                         |               12 |             32 |         2.67 |
|  lab3_i/processing_system7_0/inst/FCLK_CLK0 | lab3_i/ps7_0_axi_periph/s00_couplers/auto_pc/inst/gen_axilite.gen_b2s_conv.axilite_b2s/RD.r_channel_0/rd_data_fifo_0/wr_en0                                |                                                                                                                                                   |                9 |             34 |         3.78 |
|  lab3_i/processing_system7_0/inst/FCLK_CLK0 | lab3_i/ps7_0_axi_periph/xbar/inst/gen_sasd.crossbar_sasd_0/addr_arbiter_inst/E[0]                                                                          |                                                                                                                                                   |                7 |             35 |         5.00 |
|  lab3_i/processing_system7_0/inst/FCLK_CLK0 |                                                                                                                                                            | lab3_i/axi_gpio_0/U0/AXI_LITE_IPIF_I/I_SLAVE_ATTACHMENT/SS[0]                                                                                     |               10 |             38 |         3.80 |
|  lab3_i/processing_system7_0/inst/FCLK_CLK0 | lab3_i/ps7_0_axi_periph/s00_couplers/auto_pc/inst/gen_axilite.gen_b2s_conv.axilite_b2s/SI_REG/r.r_pipe/s_ready_i_reg_0                                     |                                                                                                                                                   |                7 |             47 |         6.71 |
|  lab3_i/processing_system7_0/inst/FCLK_CLK0 | lab3_i/ps7_0_axi_periph/s00_couplers/auto_pc/inst/gen_axilite.gen_b2s_conv.axilite_b2s/SI_REG/r.r_pipe/p_1_in                                              |                                                                                                                                                   |                7 |             47 |         6.71 |
|  lab3_i/processing_system7_0/inst/FCLK_CLK0 | lab3_i/ps7_0_axi_periph/s00_couplers/auto_pc/inst/gen_axilite.gen_b2s_conv.axilite_b2s/WR.aw_channel_0/aw_cmd_fsm_0/E[0]                                   |                                                                                                                                                   |                9 |             48 |         5.33 |
|  lab3_i/processing_system7_0/inst/FCLK_CLK0 | lab3_i/ps7_0_axi_periph/s00_couplers/auto_pc/inst/gen_axilite.gen_b2s_conv.axilite_b2s/RD.ar_channel_0/ar_cmd_fsm_0/m_valid_i_reg[0]                       |                                                                                                                                                   |               10 |             48 |         4.80 |
|  lab3_i/processing_system7_0/inst/FCLK_CLK0 | lab3_i/ps7_0_axi_periph/s00_couplers/auto_pc/inst/gen_axilite.gen_b2s_conv.axilite_b2s/SI_REG/ar.ar_pipe/s_ready_i_reg_0                                   |                                                                                                                                                   |               10 |             48 |         4.80 |
|  lab3_i/processing_system7_0/inst/FCLK_CLK0 | lab3_i/ps7_0_axi_periph/s00_couplers/auto_pc/inst/gen_axilite.gen_b2s_conv.axilite_b2s/SI_REG/aw.aw_pipe/s_ready_i_reg_0                                   |                                                                                                                                                   |                9 |             48 |         5.33 |
|  lab3_i/processing_system7_0/inst/FCLK_CLK0 |                                                                                                                                                            |                                                                                                                                                   |               55 |            167 |         3.04 |
+---------------------------------------------+------------------------------------------------------------------------------------------------------------------------------------------------------------+---------------------------------------------------------------------------------------------------------------------------------------------------+------------------+----------------+--------------+


